#
# A fatal error has been detected by the Java Runtime Environment:
#
#  SIGSEGV (0xb) at pc=0xb65aab3e, pid=30018, tid=3059993408
#
# JRE version: 6.0_31-b31
# Java VM: OpenJDK Server VM (23.25-b01 mixed mode linux-x86 )
# Problematic frame:
# C  [libzip.so+0x4b3e]  Java_java_util_zip_ZipEntry_initFields+0x101e
#
# Failed to write core dump. Core dumps have been disabled. To enable core dumping, try "ulimit -c unlimited" before starting Java again
#
# If you would like to submit a bug report, please include
# instructions how to reproduce the bug and visit:
#   https://bugs.launchpad.net/ubuntu/+source/openjdk-6/
# The crash happened outside the Java Virtual Machine in native code.
# See problematic frame for where to report the bug.
#

---------------  T H R E A D  ---------------

Current thread (0xb6407400):  JavaThread "main" [_thread_in_native, id=30019, stack(0xb65ec000,0xb663d000)]

siginfo:si_signo=SIGSEGV: si_errno=0, si_code=1 (SEGV_MAPERR), si_addr=0x9ddda44b

Registers:
EAX=0x66d6a498, EBX=0xb65af000, ECX=0xb6400010, EDX=0x66b0c2e8
ESP=0xb663b8d0, EBP=0xb663b918, ESI=0x9ddda42e, EDI=0x66b0c2e8
EIP=0xb65aab3e, EFLAGS=0x00010286, CR2=0x9ddda44b

Top of Stack: (sp=0xb663b8d0)
0xb663b8d0:   00000030 66d6a498 b663b918 b6bf840c
0xb663b8e0:   66b52618 b6bbf9c6 b70e5000 b6bc8f95
0xb663b8f0:   b663c0f8 66d6a498 b65af000 b65aaf40
0xb663b900:   66b52618 b6bbf9c6 b65aaafd b65af000
0xb663b910:   66b7c38c 66d6a498 b663b948 b65ab4b2
0xb663b920:   66b52680 b663b98a b09a1c78 b09a1c78
0xb663b930:   9dea79d0 9dea95e0 735a0bb0 b65af000
0xb663b940:   b6407528 b663b98a b663bda8 b65a956a 

Instructions: (pc=0xb65aab3e)
0xb65aab1e:   00 c7 00 00 00 00 00 c7 40 24 00 00 00 00 c7 40
0xb65aab2e:   20 00 00 00 00 8b 45 dc 8b 36 2b 70 1c 03 70 10
0xb65aab3e:   0f b6 46 1d 0f b6 56 0c 0f b6 4e 0e 89 45 e4 0f
0xb65aab4e:   b6 46 1c c1 65 e4 08 09 45 e4 0f b6 46 1f 89 45 

Register to memory mapping:

EAX=0x66d6a498 is an unknown value
EBX=0xb65af000: <offset 0x9000> in /usr/lib/jvm/java-6-openjdk-i386/jre/lib/i386/libzip.so at 0xb65a6000
ECX=0xb6400010 is an unknown value
EDX=0x66b0c2e8 is an unknown value
ESP=0xb663b8d0 is pointing into the stack for thread: 0xb6407400
EBP=0xb663b918 is pointing into the stack for thread: 0xb6407400
ESI=0x9ddda42e is an unallocated location in the heap
EDI=0x66b0c2e8 is an unknown value


Stack: [0xb65ec000,0xb663d000],  sp=0xb663b8d0,  free space=318k
Native frames: (J=compiled Java code, j=interpreted, Vv=VM code, C=native code)
C  [libzip.so+0x4b3e]  Java_java_util_zip_ZipEntry_initFields+0x101e
C  [libzip.so+0x54b2]  ZIP_GetEntry+0xb2
C  [libzip.so+0x356a]  Java_java_util_zip_ZipFile_getEntry+0xfa
j  java.util.zip.ZipFile.getEntry(JLjava/lang/String;Z)J+0
j  java.util.zip.ZipFile.getInputStream(Ljava/lang/String;)Ljava/io/InputStream;+34
j  java.util.zip.ZipFile.getInputStream(Ljava/util/zip/ZipEntry;)Ljava/io/InputStream;+5
j  com.android.dx.cf.direct.ClassPathOpener.processArchive(Ljava/io/File;)Z+132
j  com.android.dx.cf.direct.ClassPathOpener.processOne(Ljava/io/File;Z)Z+48
j  com.android.dx.cf.direct.ClassPathOpener.process()Z+15
j  com.android.dx.command.dexer.Main.processOne(Ljava/lang/String;Lcom/android/dx/cf/direct/ClassPathOpener$FileNameFilter;)Z+19
j  com.android.dx.command.dexer.Main.processAllFiles()Z+207
j  com.android.dx.command.dexer.Main.runMonoDex()I+58
j  com.android.dx.command.dexer.Main.run(Lcom/android/dx/command/dexer/Main$Arguments;)I+73
j  com.android.dx.command.dexer.Main.main([Ljava/lang/String;)V+14
j  com.android.dx.command.Main.main([Ljava/lang/String;)V+61
v  ~StubRoutines::call_stub
V  [libjvm.so+0x42e314]  JavaCalls::call_helper(JavaValue*, methodHandle*, JavaCallArguments*, Thread*)+0x394

Java frames: (J=compiled Java code, j=interpreted, Vv=VM code)
j  java.util.zip.ZipFile.getEntry(JLjava/lang/String;Z)J+0
j  java.util.zip.ZipFile.getInputStream(Ljava/lang/String;)Ljava/io/InputStream;+34
j  java.util.zip.ZipFile.getInputStream(Ljava/util/zip/ZipEntry;)Ljava/io/InputStream;+5
j  com.android.dx.cf.direct.ClassPathOpener.processArchive(Ljava/io/File;)Z+132
j  com.android.dx.cf.direct.ClassPathOpener.processOne(Ljava/io/File;Z)Z+48
j  com.android.dx.cf.direct.ClassPathOpener.process()Z+15
j  com.android.dx.command.dexer.Main.processOne(Ljava/lang/String;Lcom/android/dx/cf/direct/ClassPathOpener$FileNameFilter;)Z+19
j  com.android.dx.command.dexer.Main.processAllFiles()Z+207
j  com.android.dx.command.dexer.Main.runMonoDex()I+58
j  com.android.dx.command.dexer.Main.run(Lcom/android/dx/command/dexer/Main$Arguments;)I+73
j  com.android.dx.command.dexer.Main.main([Ljava/lang/String;)V+14
j  com.android.dx.command.Main.main([Ljava/lang/String;)V+61
v  ~StubRoutines::call_stub

---------------  P R O C E S S  ---------------

Java Threads: ( => current thread )
  0x676e7800 JavaThread "Low Memory Detector" daemon [_thread_blocked, id=30030, stack(0x6732e000,0x6737f000)]
  0x676e5800 JavaThread "C2 CompilerThread1" daemon [_thread_blocked, id=30029, stack(0x66f7f000,0x67000000)]
  0x676e3800 JavaThread "C2 CompilerThread0" daemon [_thread_blocked, id=30028, stack(0x6737f000,0x67400000)]
  0x676e2000 JavaThread "Signal Dispatcher" daemon [_thread_blocked, id=30027, stack(0x6752e000,0x6757f000)]
  0x676a5400 JavaThread "Finalizer" daemon [_thread_blocked, id=30026, stack(0x6a92e000,0x6a97f000)]
  0x676a3c00 JavaThread "Reference Handler" daemon [_thread_blocked, id=30025, stack(0x6ab2e000,0x6ab7f000)]
=>0xb6407400 JavaThread "main" [_thread_in_native, id=30019, stack(0xb65ec000,0xb663d000)]

Other Threads:
  0x67698400 VMThread [stack: 0x6757f000,0x67600000] [id=30024]
  0x676e9800 WatcherThread [stack: 0x66efe000,0x66f7f000] [id=30031]

VM state:not at safepoint (normal execution)

VM Mutex/Monitor currently owned by a thread: None

Heap
 PSYoungGen      total 233024K, used 2332K [0x9ddf0000, 0xb3340000, 0xb3340000)
  eden space 116544K, 2% used [0x9ddf0000,0x9e0373a8,0xa4fc0000)
  from space 116480K, 0% used [0xac180000,0xac180000,0xb3340000)
  to   space 116480K, 0% used [0xa4fc0000,0xa4fc0000,0xac180000)
 ParOldGen       total 415232K, used 390441K [0x73340000, 0x8c8c0000, 0x9ddf0000)
  object space 415232K, 94% used [0x73340000,0x8b08a6f0,0x8c8c0000)
 PSPermGen       total 16384K, used 3866K [0x6b340000, 0x6c340000, 0x73340000)
  object space 16384K, 23% used [0x6b340000,0x6b706888,0x6c340000)

Card table byte_map: [0x6b0ff000,0x6b340000] byte_map_base: 0x6ada5600

Polling page: 0xb7716000

Code Cache  [0xb3400000, 0xb3780000, 0xb6400000)
 total_blobs=1108 nmethods=999 adapters=62 free_code_cache=45805Kb largest_free_block=46691776

Compilation events (10 events):
Event: 24.323 Thread 0x676e3800 nmethod 1045 0xb3750dc8 code [0xb3750f00, 0xb37511dc]
Event: 24.385 Thread 0x676e3800 1047             java.util.TreeMap$Values::size (8 bytes)
Event: 24.386 Thread 0x676e3800 nmethod 1047 0xb34c8548 code [0xb34c8640, 0xb34c8690]
Event: 24.414 Thread 0x676e3800 1048             com.android.dx.cf.iface.StdMethodList::get (9 bytes)
Event: 24.415 Thread 0x676e3800 nmethod 1048 0xb35e99c8 code [0xb35e9ac0, 0xb35e9b70]
Event: 24.577 Thread 0x676e3800 1049             com.android.dx.cf.code.ConcreteMethod::<init> (262 bytes)
Event: 28.473 Thread 0x676e5800 nmethod 1043 0xb3763a88 code [0xb3764600, 0xb376d6bc]
Event: 28.574 Thread 0x676e3800 nmethod 1049 0xb3622208 code [0xb36225c0, 0xb3624a70]
Event: 28.679 Thread 0x676e5800 1050             com.android.dx.cf.code.Simulator$SimVisitor::visitLocal (329 bytes)
Event: 28.837 Thread 0x676e5800 nmethod 1050 0xb352a308 code [0xb352a580, 0xb352b380]

GC Heap History (10 events):
Event: 21.552 GC heap before
{Heap before GC invocations=36 (full 7):
 PSYoungGen      total 233024K, used 116464K [0x9ddf0000, 0xb3340000, 0xb3340000)
  eden space 116544K, 0% used [0x9ddf0000,0x9ddf0000,0xa4fc0000)
  from space 116480K, 99% used [0xac180000,0xb333c238,0xb3340000)
  to   space 116480K, 0% used [0xa4fc0000,0xa4fc0000,0xac180000)
 ParOldGen       total 305344K, used 286362K [0x73340000, 0x85d70000, 0x9ddf0000)
  object space 305344K, 93% used [0x73340000,0x84ae6998,0x85d70000)
 PSPermGen       total 16384K, used 3852K [0x6b340000, 0x6c340000, 0x73340000)
  object space 16384K, 23% used [0x6b340000,0x6b7032e0,0x6c340000)
Event: 22.949 GC heap after
Heap after GC invocations=36 (full 7):
 PSYoungGen      total 233024K, used 91648K [0x9ddf0000, 0xb3340000, 0xb3340000)
  eden space 116544K, 0% used [0x9ddf0000,0x9ddf0000,0xa4fc0000)
  from space 116480K, 78% used [0xac180000,0xb1b000d8,0xb3340000)
  to   space 116480K, 0% used [0xa4fc0000,0xa4fc0000,0xac180000)
 ParOldGen       total 415232K, used 305343K [0x73340000, 0x8c8c0000, 0x9ddf0000)
  object space 415232K, 73% used [0x73340000,0x85d6fc50,0x8c8c0000)
 PSPermGen       total 16384K, used 3852K [0x6b340000, 0x6c340000, 0x73340000)
  object space 16384K, 23% used [0x6b340000,0x6b7032d0,0x6c340000)
}
Event: 23.844 GC heap before
{Heap before GC invocations=37 (full 7):
 PSYoungGen      total 233024K, used 208192K [0x9ddf0000, 0xb3340000, 0xb3340000)
  eden space 116544K, 100% used [0x9ddf0000,0xa4fc0000,0xa4fc0000)
  from space 116480K, 78% used [0xac180000,0xb1b000d8,0xb3340000)
  to   space 116480K, 0% used [0xa4fc0000,0xa4fc0000,0xac180000)
 ParOldGen       total 415232K, used 305343K [0x73340000, 0x8c8c0000, 0x9ddf0000)
  object space 415232K, 73% used [0x73340000,0x85d6fc50,0x8c8c0000)
 PSPermGen       total 16384K, used 3853K [0x6b340000, 0x6c340000, 0x73340000)
  object space 16384K, 23% used [0x6b340000,0x6b703508,0x6c340000)
Event: 24.074 GC heap after
Heap after GC invocations=37 (full 7):
 PSYoungGen      total 233024K, used 89085K [0x9ddf0000, 0xb3340000, 0xb3340000)
  eden space 116544K, 0% used [0x9ddf0000,0x9ddf0000,0xa4fc0000)
  from space 116480K, 76% used [0xa4fc0000,0xaa6bf7f8,0xac180000)
  to   space 116480K, 0% used [0xac180000,0xac180000,0xb3340000)
 ParOldGen       total 415232K, used 325691K [0x73340000, 0x8c8c0000, 0x9ddf0000)
  object space 415232K, 78% used [0x73340000,0x8714ecf0,0x8c8c0000)
 PSPermGen       total 16384K, used 3853K [0x6b340000, 0x6c340000, 0x73340000)
  object space 16384K, 23% used [0x6b340000,0x6b703508,0x6c340000)
}
Event: 24.637 GC heap before
{Heap before GC invocations=38 (full 7):
 PSYoungGen      total 233024K, used 205629K [0x9ddf0000, 0xb3340000, 0xb3340000)
  eden space 116544K, 100% used [0x9ddf0000,0xa4fc0000,0xa4fc0000)
  from space 116480K, 76% used [0xa4fc0000,0xaa6bf7f8,0xac180000)
  to   space 116480K, 0% used [0xac180000,0xac180000,0xb3340000)
 ParOldGen       total 415232K, used 325691K [0x73340000, 0x8c8c0000, 0x9ddf0000)
  object space 415232K, 78% used [0x73340000,0x8714ecf0,0x8c8c0000)
 PSPermGen       total 16384K, used 3858K [0x6b340000, 0x6c340000, 0x73340000)
  object space 16384K, 23% used [0x6b340000,0x6b7048c8,0x6c340000)
Event: 25.703 GC heap after
Heap after GC invocations=38 (full 7):
 PSYoungGen      total 233024K, used 39421K [0x9ddf0000, 0xb3340000, 0xb3340000)
  eden space 116544K, 0% used [0x9ddf0000,0x9ddf0000,0xa4fc0000)
  from space 116480K, 33% used [0xac180000,0xae7ff668,0xb3340000)
  to   space 116480K, 0% used [0xa4fc0000,0xa4fc0000,0xac180000)
 ParOldGen       total 415232K, used 393227K [0x73340000, 0x8c8c0000, 0x9ddf0000)
  object space 415232K, 94% used [0x73340000,0x8b342d68,0x8c8c0000)
 PSPermGen       total 16384K, used 3858K [0x6b340000, 0x6c340000, 0x73340000)
  object space 16384K, 23% used [0x6b340000,0x6b7048c8,0x6c340000)
}
Event: 26.031 GC heap before
{Heap before GC invocations=39 (full 8):
 PSYoungGen      total 233024K, used 39421K [0x9ddf0000, 0xb3340000, 0xb3340000)
  eden space 116544K, 0% used [0x9ddf0000,0x9ddf0000,0xa4fc0000)
  from space 116480K, 33% used [0xac180000,0xae7ff668,0xb3340000)
  to   space 116480K, 0% used [0xa4fc0000,0xa4fc0000,0xac180000)
 ParOldGen       total 415232K, used 393227K [0x73340000, 0x8c8c0000, 0x9ddf0000)
  object space 415232K, 94% used [0x73340000,0x8b342d68,0x8c8c0000)
 PSPermGen       total 16384K, used 3858K [0x6b340000, 0x6c340000, 0x73340000)
  object space 16384K, 23% used [0x6b340000,0x6b7048c8,0x6c340000)
Event: 27.983 GC heap after
Heap after GC invocations=39 (full 8):
 PSYoungGen      total 233024K, used 0K [0x9ddf0000, 0xb3340000, 0xb3340000)
  eden space 116544K, 0% used [0x9ddf0000,0x9ddf0000,0xa4fc0000)
  from space 116480K, 0% used [0xac180000,0xac180000,0xb3340000)
  to   space 116480K, 0% used [0xa4fc0000,0xa4fc0000,0xac180000)
 ParOldGen       total 415232K, used 373579K [0x73340000, 0x8c8c0000, 0x9ddf0000)
  object space 415232K, 89% used [0x73340000,0x8a012ff8,0x8c8c0000)
 PSPermGen       total 16384K, used 3858K [0x6b340000, 0x6c340000, 0x73340000)
  object space 16384K, 23% used [0x6b340000,0x6b7048a8,0x6c340000)
}
Event: 29.318 GC heap before
{Heap before GC invocations=40 (full 9):
 PSYoungGen      total 233024K, used 116544K [0x9ddf0000, 0xb3340000, 0xb3340000)
  eden space 116544K, 100% used [0x9ddf0000,0xa4fc0000,0xa4fc0000)
  from space 116480K, 0% used [0xac180000,0xac180000,0xb3340000)
  to   space 116480K, 0% used [0xa4fc0000,0xa4fc0000,0xac180000)
 ParOldGen       total 415232K, used 373579K [0x73340000, 0x8c8c0000, 0x9ddf0000)
  object space 415232K, 89% used [0x73340000,0x8a012ff8,0x8c8c0000)
 PSPermGen       total 16384K, used 3866K [0x6b340000, 0x6c340000, 0x73340000)
  object space 16384K, 23% used [0x6b340000,0x6b706888,0x6c340000)
Event: 31.860 GC heap after
Heap after GC invocations=40 (full 9):
 PSYoungGen      total 233024K, used 0K [0x9ddf0000, 0xb3340000, 0xb3340000)
  eden space 116544K, 0% used [0x9ddf0000,0x9ddf0000,0xa4fc0000)
  from space 116480K, 0% used [0xac180000,0xac180000,0xb3340000)
  to   space 116480K, 0% used [0xa4fc0000,0xa4fc0000,0xac180000)
 ParOldGen       total 415232K, used 390441K [0x73340000, 0x8c8c0000, 0x9ddf0000)
  object space 415232K, 94% used [0x73340000,0x8b08a6f0,0x8c8c0000)
 PSPermGen       total 16384K, used 3866K [0x6b340000, 0x6c340000, 0x73340000)
  object space 16384K, 23% used [0x6b340000,0x6b706888,0x6c340000)
}

Deoptimization events (10 events):
Event: 23.281 Thread 0xb6407400 Uncommon trap -34 fr.pc 0xb373d010
Event: 23.281 Thread 0xb6407400 Uncommon trap -34 fr.pc 0xb373d010
Event: 23.281 Thread 0xb6407400 Uncommon trap -34 fr.pc 0xb373e72c
Event: 23.281 Thread 0xb6407400 Uncommon trap -34 fr.pc 0xb3641828
Event: 23.769 Thread 0xb6407400 Uncommon trap -12 fr.pc 0xb365ccd8
Event: 23.769 Thread 0xb6407400 Uncommon trap -12 fr.pc 0xb369a29c
Event: 23.769 Thread 0xb6407400 Uncommon trap -12 fr.pc 0xb35df030
Event: 23.769 Thread 0xb6407400 Uncommon trap -12 fr.pc 0xb35fd358
Event: 23.773 Thread 0xb6407400 Uncommon trap -83 fr.pc 0xb36f2ee8
Event: 24.246 Thread 0xb6407400 Uncommon trap 96 fr.pc 0xb360dd1c

Internal exceptions (10 events):
Event: 16.235 Thread 0xb6407400 Implicit null exception at 0xb36eaea8 to 0xb36eb001
Event: 16.267 Thread 0xb6407400 Implicit null exception at 0xb350f5f2 to 0xb3510711
Event: 16.268 Thread 0xb6407400 Implicit null exception at 0xb34d416d to 0xb34d4485
Event: 16.268 Thread 0xb6407400 Implicit null exception at 0xb346be56 to 0xb346bf51
Event: 16.268 Thread 0xb6407400 Implicit null exception at 0xb34a746b to 0xb34a7fcd
Event: 16.503 Thread 0xb6407400 Implicit null exception at 0xb3504ec6 to 0xb350511d
Event: 20.920 Thread 0xb6407400 Threw 0xa43c9c58 at /build/buildd/openjdk-6-6b31-1.13.3/build/openjdk/hotspot/src/share/vm/classfile/systemDictionary.cpp:179
Event: 20.920 Thread 0xb6407400 Threw 0xa43c9f70 at /build/buildd/openjdk-6-6b31-1.13.3/build/openjdk/hotspot/src/share/vm/prims/jvm.cpp:1235
Event: 23.769 Thread 0xb6407400 Implicit null exception at 0xb3659fd8 to 0xb365cccd
Event: 23.773 Thread 0xb6407400 Implicit null exception at 0xb36f24ec to 0xb36f2ed9

Events (10 events):
Event: 28.365 Executing VM operation: RevokeBias done
Event: 28.365 Executing VM operation: RevokeBias
Event: 28.365 Executing VM operation: RevokeBias done
Event: 28.474 Thread 0x676e5800 flushing nmethod 0xb3580088
Event: 29.318 Executing VM operation: ParallelGCFailedAllocation
Event: 31.860 Executing VM operation: ParallelGCFailedAllocation done
Event: 31.909 Executing VM operation: RevokeBias
Event: 31.909 Executing VM operation: RevokeBias done
Event: 31.909 Executing VM operation: RevokeBias
Event: 31.909 Executing VM operation: RevokeBias done


Dynamic libraries:
08048000-08051000 r-xp 00000000 08:06 1857       /usr/lib/jvm/java-6-openjdk-i386/jre/bin/java
08051000-08052000 r--p 00008000 08:06 1857       /usr/lib/jvm/java-6-openjdk-i386/jre/bin/java
08052000-08053000 rw-p 00009000 08:06 1857       /usr/lib/jvm/java-6-openjdk-i386/jre/bin/java
09e17000-09f05000 rw-p 00000000 00:00 0          [heap]
63600000-6369e000 rw-p 00000000 00:00 0 
6369e000-63700000 ---p 00000000 00:00 0 
63a00000-63bff000 rw-p 00000000 00:00 0 
63bff000-63c00000 ---p 00000000 00:00 0 
63c00000-63e00000 rw-p 00000000 00:00 0 
63e00000-63efb000 rw-p 00000000 00:00 0 
63efb000-63f00000 ---p 00000000 00:00 0 
63f00000-64000000 rw-p 00000000 00:00 0 
64000000-640fb000 rw-p 00000000 00:00 0 
640fb000-64100000 ---p 00000000 00:00 0 
64200000-64300000 rw-p 00000000 00:00 0 
64400000-644fd000 rw-p 00000000 00:00 0 
644fd000-64500000 ---p 00000000 00:00 0 
64500000-64600000 rw-p 00000000 00:00 0 
64600000-64800000 rw-p 00000000 00:00 0 
64800000-64a00000 rw-p 00000000 00:00 0 
64a00000-64afc000 rw-p 00000000 00:00 0 
64afc000-64b00000 ---p 00000000 00:00 0 
64b00000-64c00000 rw-p 00000000 00:00 0 
64c00000-64cff000 rw-p 00000000 00:00 0 
64cff000-64d00000 ---p 00000000 00:00 0 
64d00000-64e00000 rw-p 00000000 00:00 0 
64e00000-64f00000 rw-p 00000000 00:00 0 
64f00000-64fff000 rw-p 00000000 00:00 0 
64fff000-65000000 ---p 00000000 00:00 0 
65000000-650f9000 rw-p 00000000 00:00 0 
650f9000-65100000 ---p 00000000 00:00 0 
65100000-651fd000 rw-p 00000000 00:00 0 
651fd000-65200000 ---p 00000000 00:00 0 
65200000-652c8000 rw-p 00000000 00:00 0 
652c8000-65300000 ---p 00000000 00:00 0 
65300000-653ba000 rw-p 00000000 00:00 0 
653ba000-65400000 ---p 00000000 00:00 0 
65400000-654f2000 rw-p 00000000 00:00 0 
654f2000-65500000 ---p 00000000 00:00 0 
65500000-65600000 rw-p 00000000 00:00 0 
65700000-657f2000 rw-p 00000000 00:00 0 
657f2000-65800000 ---p 00000000 00:00 0 
65900000-65a00000 rw-p 00000000 00:00 0 
65b00000-65bff000 rw-p 00000000 00:00 0 
65bff000-65c00000 ---p 00000000 00:00 0 
65d00000-65dee000 rw-p 00000000 00:00 0 
65dee000-65e00000 ---p 00000000 00:00 0 
65e00000-65eee000 rw-p 00000000 00:00 0 
65eee000-65f00000 ---p 00000000 00:00 0 
65f00000-65ffd000 rw-p 00000000 00:00 0 
65ffd000-66000000 ---p 00000000 00:00 0 
66100000-661ff000 rw-p 00000000 00:00 0 
661ff000-66200000 ---p 00000000 00:00 0 
66300000-663ff000 rw-p 00000000 00:00 0 
663ff000-66400000 ---p 00000000 00:00 0 
66400000-66500000 rw-p 00000000 00:00 0 
66500000-665e9000 rw-p 00000000 00:00 0 
665e9000-66600000 ---p 00000000 00:00 0 
66600000-666fc000 rw-p 00000000 00:00 0 
666fc000-66700000 ---p 00000000 00:00 0 
66700000-667f8000 rw-p 00000000 00:00 0 
667f8000-66800000 ---p 00000000 00:00 0 
66800000-668ed000 rw-p 00000000 00:00 0 
668ed000-66900000 ---p 00000000 00:00 0 
66900000-669fe000 rw-p 00000000 00:00 0 
669fe000-66a00000 ---p 00000000 00:00 0 
66a00000-66ae3000 rw-p 00000000 00:00 0 
66ae3000-66b00000 ---p 00000000 00:00 0 
66b00000-66b91000 rw-p 00000000 00:00 0 
66b91000-66c00000 ---p 00000000 00:00 0 
66c00000-66cf7000 rw-p 00000000 00:00 0 
66cf7000-66d00000 ---p 00000000 00:00 0 
66d00000-66dfd000 rw-p 00000000 00:00 0 
66dfd000-66e00000 ---p 00000000 00:00 0 
66efe000-66eff000 ---p 00000000 00:00 0 
66eff000-66f7f000 rw-p 00000000 00:00 0          [stack:30031]
66f7f000-66f82000 ---p 00000000 00:00 0 
66f82000-67000000 rw-p 00000000 00:00 0          [stack:30029]
67000000-67200000 r--p 00000000 08:06 1579175    /usr/lib/locale/locale-archive
67200000-67221000 rw-p 00000000 00:00 0 
67221000-67300000 ---p 00000000 00:00 0 
6732e000-67331000 ---p 00000000 00:00 0 
67331000-6737f000 rw-p 00000000 00:00 0          [stack:30030]
6737f000-67382000 ---p 00000000 00:00 0 
67382000-67400000 rw-p 00000000 00:00 0          [stack:30028]
67400000-674f7000 rw-p 00000000 00:00 0 
674f7000-67500000 ---p 00000000 00:00 0 
6752e000-67531000 ---p 00000000 00:00 0 
67531000-6757f000 rw-p 00000000 00:00 0          [stack:30027]
6757f000-67580000 ---p 00000000 00:00 0 
67580000-67600000 rw-p 00000000 00:00 0          [stack:30024]
67600000-67700000 rw-p 00000000 00:00 0 
67729000-678c0000 r--s 01a14000 08:06 676029     /usr/lib/jvm/java-6-openjdk-i386/jre/lib/rt.jar
678c0000-6a800000 rw-p 00000000 00:00 0 
6a800000-6a8fd000 rw-p 00000000 00:00 0 
6a8fd000-6a900000 ---p 00000000 00:00 0 
6a92e000-6a931000 ---p 00000000 00:00 0 
6a931000-6a97f000 rw-p 00000000 00:00 0          [stack:30026]
6a97f000-6a980000 ---p 00000000 00:00 0 
6a980000-6aa00000 rw-p 00000000 00:00 0          [stack:30023]
6aa00000-6aa27000 rw-p 00000000 00:00 0 
6aa27000-6ab00000 ---p 00000000 00:00 0 
6ab2e000-6ab31000 ---p 00000000 00:00 0 
6ab31000-6ab7f000 rw-p 00000000 00:00 0          [stack:30025]
6ab7f000-6ab80000 ---p 00000000 00:00 0 
6ab80000-6ac00000 rw-p 00000000 00:00 0          [stack:30022]
6ac00000-6ac28000 rw-p 00000000 00:00 0 
6ac28000-6ad00000 ---p 00000000 00:00 0 
6ad4c000-6ad7f000 rw-p 00000000 00:00 0 
6ad7f000-6ad80000 ---p 00000000 00:00 0 
6ad80000-6ae00000 rw-p 00000000 00:00 0          [stack:30021]
6ae00000-6ae21000 rw-p 00000000 00:00 0 
6ae21000-6af00000 ---p 00000000 00:00 0 
6af28000-6af29000 ---p 00000000 00:00 0 
6af29000-6b074000 rw-p 00000000 00:00 0          [stack:30020]
6b074000-6b0ff000 rw-p 00000000 00:00 0 
6b0ff000-6b107000 rw-p 00000000 00:00 0 
6b107000-6b13f000 rw-p 00000000 00:00 0 
6b13f000-6b20a000 rw-p 00000000 00:00 0 
6b20a000-6b294000 rw-p 00000000 00:00 0 
6b294000-6b33f000 rw-p 00000000 00:00 0 
6b33f000-6c340000 rw-p 00000000 00:00 0 
6c340000-73340000 rw-p 00000000 00:00 0 
73340000-8c8c0000 rw-p 00000000 00:00 0 
9dc18000-b3340000 rw-p 00000000 00:00 0 
b3340000-b334e000 rw-p 00000000 00:00 0 
b334e000-b3400000 rw-p 00000000 00:00 0 
b3400000-b3780000 rwxp 00000000 00:00 0 
b3780000-b64fd000 rw-p 00000000 00:00 0 
b64fd000-b6500000 ---p 00000000 00:00 0 
b650e000-b6510000 rw-p 00000000 00:00 0 
b6510000-b6514000 r--s 0003c000 08:06 1596431    /usr/lib/jvm/java-6-openjdk-common/jre/lib/jsse.jar
b6514000-b6516000 r--s 00001000 08:06 1720287    /usr/lib/jvm/java-6-openjdk-common/jre/lib/ext/dnsns.jar
b6516000-b651a000 r--s 00039000 08:06 1720285    /usr/lib/jvm/java-6-openjdk-common/jre/lib/ext/sunpkcs11.jar
b651a000-b651d000 r--s 00077000 08:06 1720289    /usr/lib/jvm/java-6-openjdk-common/jre/lib/ext/localedata.jar
b651d000-b652b000 r--s 000cf000 08:06 1720535    /home/skirmant/Desktop/android-sdk-linux/build-tools/19.1.0/lib/dx.jar
b652b000-b6533000 rw-p 00000000 00:00 0 
b6533000-b656b000 rw-p 00000000 00:00 0 
b656b000-b6576000 r-xp 00000000 08:06 1701634    /lib/i386-linux-gnu/libnss_files-2.17.so
b6576000-b6577000 r--p 0000a000 08:06 1701634    /lib/i386-linux-gnu/libnss_files-2.17.so
b6577000-b6578000 rw-p 0000b000 08:06 1701634    /lib/i386-linux-gnu/libnss_files-2.17.so
b6578000-b6582000 r-xp 00000000 08:06 1701638    /lib/i386-linux-gnu/libnss_nis-2.17.so
b6582000-b6583000 r--p 00009000 08:06 1701638    /lib/i386-linux-gnu/libnss_nis-2.17.so
b6583000-b6584000 rw-p 0000a000 08:06 1701638    /lib/i386-linux-gnu/libnss_nis-2.17.so
b6584000-b6599000 r-xp 00000000 08:06 1701628    /lib/i386-linux-gnu/libnsl-2.17.so
b6599000-b659a000 r--p 00014000 08:06 1701628    /lib/i386-linux-gnu/libnsl-2.17.so
b659a000-b659b000 rw-p 00015000 08:06 1701628    /lib/i386-linux-gnu/libnsl-2.17.so
b659b000-b659d000 rw-p 00000000 00:00 0 
b659d000-b659f000 r--s 00006000 08:06 285147     /usr/share/java/java-atk-wrapper.jar
b659f000-b65a2000 r--s 0000f000 08:06 1720288    /usr/lib/jvm/java-6-openjdk-common/jre/lib/ext/pulse-java.jar
b65a2000-b65a5000 r--s 00031000 08:06 1720286    /usr/lib/jvm/java-6-openjdk-common/jre/lib/ext/sunjce_provider.jar
b65a5000-b65a6000 r--p 002c5000 08:06 1579175    /usr/lib/locale/locale-archive
b65a6000-b65ae000 r-xp 00000000 08:06 812509     /usr/lib/jvm/java-6-openjdk-i386/jre/lib/i386/libzip.so
b65ae000-b65af000 r--p 00007000 08:06 812509     /usr/lib/jvm/java-6-openjdk-i386/jre/lib/i386/libzip.so
b65af000-b65b0000 rw-p 00008000 08:06 812509     /usr/lib/jvm/java-6-openjdk-i386/jre/lib/i386/libzip.so
b65b0000-b65b8000 rw-s 00000000 08:06 925851     /tmp/hsperfdata_skirmant/30018
b65b8000-b65e0000 r-xp 00000000 08:06 812491     /usr/lib/jvm/java-6-openjdk-i386/jre/lib/i386/libjava.so
b65e0000-b65e1000 r--p 00027000 08:06 812491     /usr/lib/jvm/java-6-openjdk-i386/jre/lib/i386/libjava.so
b65e1000-b65e3000 rw-p 00028000 08:06 812491     /usr/lib/jvm/java-6-openjdk-i386/jre/lib/i386/libjava.so
b65e3000-b65ea000 r-xp 00000000 08:06 1701681    /lib/i386-linux-gnu/librt-2.17.so
b65ea000-b65eb000 r--p 00006000 08:06 1701681    /lib/i386-linux-gnu/librt-2.17.so
b65eb000-b65ec000 rw-p 00007000 08:06 1701681    /lib/i386-linux-gnu/librt-2.17.so
b65ec000-b65ef000 ---p 00000000 00:00 0 
b65ef000-b663d000 rw-p 00000000 00:00 0          [stack:30019]
b663d000-b6658000 r-xp 00000000 08:06 1713949    /lib/i386-linux-gnu/libgcc_s.so.1
b6658000-b6659000 r--p 0001a000 08:06 1713949    /lib/i386-linux-gnu/libgcc_s.so.1
b6659000-b665a000 rw-p 0001b000 08:06 1713949    /lib/i386-linux-gnu/libgcc_s.so.1
b665a000-b669b000 r-xp 00000000 08:06 1701609    /lib/i386-linux-gnu/libm-2.17.so
b669b000-b669c000 r--p 00040000 08:06 1701609    /lib/i386-linux-gnu/libm-2.17.so
b669c000-b669d000 rw-p 00041000 08:06 1701609    /lib/i386-linux-gnu/libm-2.17.so
b669d000-b677a000 r-xp 00000000 08:06 1577128    /usr/lib/i386-linux-gnu/libstdc++.so.6.0.18
b677a000-b677e000 r--p 000dc000 08:06 1577128    /usr/lib/i386-linux-gnu/libstdc++.so.6.0.18
b677e000-b677f000 rw-p 000e0000 08:06 1577128    /usr/lib/i386-linux-gnu/libstdc++.so.6.0.18
b677f000-b6786000 rw-p 00000000 00:00 0 
b6786000-b70a0000 r-xp 00000000 08:06 812499     /usr/lib/jvm/java-6-openjdk-i386/jre/lib/i386/server/libjvm.so
b70a0000-b70a1000 ---p 0091a000 08:06 812499     /usr/lib/jvm/java-6-openjdk-i386/jre/lib/i386/server/libjvm.so
b70a1000-b70e5000 r--p 0091a000 08:06 812499     /usr/lib/jvm/java-6-openjdk-i386/jre/lib/i386/server/libjvm.so
b70e5000-b70f9000 rw-p 0095e000 08:06 812499     /usr/lib/jvm/java-6-openjdk-i386/jre/lib/i386/server/libjvm.so
b70f9000-b7517000 rw-p 00000000 00:00 0 
b7517000-b752f000 r-xp 00000000 08:06 1701714    /lib/i386-linux-gnu/libz.so.1.2.8
b752f000-b7530000 r--p 00017000 08:06 1701714    /lib/i386-linux-gnu/libz.so.1.2.8
b7530000-b7531000 rw-p 00018000 08:06 1701714    /lib/i386-linux-gnu/libz.so.1.2.8
b7531000-b76df000 r-xp 00000000 08:06 1701558    /lib/i386-linux-gnu/libc-2.17.so
b76df000-b76e1000 r--p 001ae000 08:06 1701558    /lib/i386-linux-gnu/libc-2.17.so
b76e1000-b76e2000 rw-p 001b0000 08:06 1701558    /lib/i386-linux-gnu/libc-2.17.so
b76e2000-b76e5000 rw-p 00000000 00:00 0 
b76e5000-b76e8000 r-xp 00000000 08:06 1701573    /lib/i386-linux-gnu/libdl-2.17.so
b76e8000-b76e9000 r--p 00002000 08:06 1701573    /lib/i386-linux-gnu/libdl-2.17.so
b76e9000-b76ea000 rw-p 00003000 08:06 1701573    /lib/i386-linux-gnu/libdl-2.17.so
b76ea000-b76ee000 r-xp 00000000 08:06 812473     /usr/lib/jvm/java-6-openjdk-i386/jre/lib/i386/jli/libjli.so
b76ee000-b76ef000 r--p 00003000 08:06 812473     /usr/lib/jvm/java-6-openjdk-i386/jre/lib/i386/jli/libjli.so
b76ef000-b76f0000 rw-p 00004000 08:06 812473     /usr/lib/jvm/java-6-openjdk-i386/jre/lib/i386/jli/libjli.so
b76f0000-b76f1000 rw-p 00000000 00:00 0 
b76f1000-b7708000 r-xp 00000000 08:06 1701673    /lib/i386-linux-gnu/libpthread-2.17.so
b7708000-b7709000 r--p 00016000 08:06 1701673    /lib/i386-linux-gnu/libpthread-2.17.so
b7709000-b770a000 rw-p 00017000 08:06 1701673    /lib/i386-linux-gnu/libpthread-2.17.so
b770a000-b770c000 rw-p 00000000 00:00 0 
b770c000-b7713000 r-xp 00000000 08:06 1701630    /lib/i386-linux-gnu/libnss_compat-2.17.so
b7713000-b7714000 r--p 00006000 08:06 1701630    /lib/i386-linux-gnu/libnss_compat-2.17.so
b7714000-b7715000 rw-p 00007000 08:06 1701630    /lib/i386-linux-gnu/libnss_compat-2.17.so
b7715000-b7716000 rw-p 00000000 00:00 0 
b7716000-b7717000 r--p 00000000 00:00 0 
b7717000-b7725000 r-xp 00000000 08:06 812490     /usr/lib/jvm/java-6-openjdk-i386/jre/lib/i386/libverify.so
b7725000-b7726000 r--p 0000d000 08:06 812490     /usr/lib/jvm/java-6-openjdk-i386/jre/lib/i386/libverify.so
b7726000-b7727000 rw-p 0000e000 08:06 812490     /usr/lib/jvm/java-6-openjdk-i386/jre/lib/i386/libverify.so
b7727000-b7729000 rw-p 00000000 00:00 0 
b7729000-b772a000 r-xp 00000000 00:00 0          [vdso]
b772a000-b774a000 r-xp 00000000 08:06 1701534    /lib/i386-linux-gnu/ld-2.17.so
b774a000-b774b000 r--p 0001f000 08:06 1701534    /lib/i386-linux-gnu/ld-2.17.so
b774b000-b774c000 rw-p 00020000 08:06 1701534    /lib/i386-linux-gnu/ld-2.17.so
bf920000-bf956000 rw-p 00000000 00:00 0          [stack]

VM Arguments:
jvm_args: -Xmx1024M 
java_command: /home/skirmant/Desktop/android-sdk-linux/build-tools/19.1.0/lib/dx.jar --dex --output=/home/skirmant/Desktop/mzc/zetacoin-wallet-master/wallet/target/classes.dex /home/skirmant/.m2/repository/net/jcip/jcip-annotations/1.0/jcip-annotations-1.0.jar /home/skirmant/Desktop/mzc/zetacoin-wallet-master/integration-android/target/integration-android-1.0.jar /home/skirmant/.m2/repository/com/google/android/support-v4/r7/support-v4-r7.jar /home/skirmant/.m2/repository/com/google/code/findbugs/jsr305/2.0.1/jsr305-2.0.1.jar /home/skirmant/.m2/repository/com/actionbarsherlock/library/4.1.0/library-4.1.0.apklib /home/skirmant/.m2/repository/com/google/zxing/core/2.2/core-2.2.jar /home/skirmant/Desktop/mzc/zetacoin-wallet-master/wallet/target/classes /home/skirmant/.m2/repository/com/google/zetacoinj/0.12-SNAPSHOT/zetacoinj-0.12-SNAPSHOT.jar /home/skirmant/.m2/repository/com/google/protobuf/protobuf-java/2.5.0/protobuf-java-2.5.0.jar /home/skirmant/.m2/repository/com/google/guava/guava/13.0.1/guava-13.0.1.jar /home/skirmant/.m2/repository/com/lambdaworks/scrypt/1.3.3/scrypt-1.3.3.jar /home/skirmant/.m2/repository/org/slf4j/slf4j-api/1.7.5/slf4j-api-1.7.5.jar /home/skirmant/.m2/repository/com/github/tony19/logback-android-classic/1.0.10-2/logback-android-classic-1.0.10-2.jar /home/skirmant/.m2/repository/com/github/tony19/logback-android-core/1.0.10-2/logback-android-core-1.0.10-2.jar /home/skirmant/.m2/repository/com/madgag/sc-light-jdk15on/1.47.0.2/sc-light-jdk15on-1.47.0.2.jar /home/skirmant/.m2/repository/com/github/tony19/apktool-lib/1.4.4-3/apktool-lib-1.4.4-3.jar
Launcher Type: SUN_STANDARD

Environment Variables:
JAVA_HOME=/usr/lib/jvm/java-6-openjdk-i386
PATH=/usr/local/sbin:/usr/local/bin:/usr/sbin:/usr/bin:/sbin:/bin:/usr/games:/usr/local/games
USERNAME=skirmant
LD_LIBRARY_PATH=/usr/lib/jvm/java-6-openjdk-i386/jre/lib/i386/server:/usr/lib/jvm/java-6-openjdk-i386/jre/lib/i386:/usr/lib/jvm/java-6-openjdk-i386/jre/../lib/i386
SHELL=/bin/bash
DISPLAY=:0.0

Signal Handlers:
SIGSEGV: [libjvm.so+0x763490], sa_mask[0]=0x7ffbfeff, sa_flags=0x10000004
SIGBUS: [libjvm.so+0x763490], sa_mask[0]=0x7ffbfeff, sa_flags=0x10000004
SIGFPE: [libjvm.so+0x604940], sa_mask[0]=0x7ffbfeff, sa_flags=0x10000004
SIGPIPE: [libjvm.so+0x604940], sa_mask[0]=0x7ffbfeff, sa_flags=0x10000004
SIGXFSZ: [libjvm.so+0x604940], sa_mask[0]=0x7ffbfeff, sa_flags=0x10000004
SIGILL: [libjvm.so+0x604940], sa_mask[0]=0x7ffbfeff, sa_flags=0x10000004
SIGUSR1: SIG_DFL, sa_mask[0]=0x00000000, sa_flags=0x00000000
SIGUSR2: [libjvm.so+0x604690], sa_mask[0]=0x00000004, sa_flags=0x10000004
SIGHUP: [libjvm.so+0x604980], sa_mask[0]=0x7ffbfeff, sa_flags=0x10000004
SIGINT: [libjvm.so+0x604980], sa_mask[0]=0x7ffbfeff, sa_flags=0x10000004
SIGTERM: [libjvm.so+0x604980], sa_mask[0]=0x7ffbfeff, sa_flags=0x10000004
SIGQUIT: [libjvm.so+0x604980], sa_mask[0]=0x7ffbfeff, sa_flags=0x10000004


---------------  S Y S T E M  ---------------

OS:LinuxMint 16 (petra)
uname:Linux 3.11.0-12-generic #19-Ubuntu SMP Wed Oct 9 16:12:00 UTC 2013 i686
libc:glibc 2.17 NPTL 2.17 
rlimit: STACK 8192k, CORE 0k, NPROC 15076, NOFILE 4096, AS infinity
load average:2.73 0.89 0.55

/proc/meminfo:
MemTotal:        1955640 kB
MemFree:          123508 kB
Buffers:             288 kB
Cached:           130612 kB
SwapCached:            0 kB
Active:          1636336 kB
Inactive:         125164 kB
Active(anon):    1633084 kB
Inactive(anon):   108980 kB
Active(file):       3252 kB
Inactive(file):    16184 kB
Unevictable:          60 kB
Mlocked:              60 kB
HighTotal:       1096228 kB
HighFree:          14080 kB
LowTotal:         859412 kB
LowFree:          109428 kB
SwapTotal:             0 kB
SwapFree:              0 kB
Dirty:                28 kB
Writeback:             0 kB
AnonPages:       1631400 kB
Mapped:            61700 kB
Shmem:            110900 kB
Slab:              34984 kB
SReclaimable:      16272 kB
SUnreclaim:        18712 kB
KernelStack:        3624 kB
PageTables:        10024 kB
NFS_Unstable:          0 kB
Bounce:               24 kB
WritebackTmp:          0 kB
CommitLimit:      977820 kB
Committed_AS:    3779768 kB
VmallocTotal:     122880 kB
VmallocUsed:       15564 kB
VmallocChunk:     105752 kB
HardwareCorrupted:     0 kB
AnonHugePages:         0 kB
HugePages_Total:       0
HugePages_Free:        0
HugePages_Rsvd:        0
HugePages_Surp:        0
Hugepagesize:       2048 kB
DirectMap4k:       12280 kB
DirectMap2M:      901120 kB


CPU:total 4 (2 cores per cpu, 2 threads per core) family 6 model 42 stepping 7, cmov, cx8, fxsr, mmx, sse, sse2, sse3, ssse3, sse4.1, sse4.2, popcnt, avx, ht, tsc, tscinvbit

/proc/cpuinfo:
processor	: 0
vendor_id	: GenuineIntel
cpu family	: 6
model		: 42
model name	: Intel(R) Core(TM) i3-2330M CPU @ 2.20GHz
stepping	: 7
microcode	: 0x1b
cpu MHz		: 800.000
cache size	: 3072 KB
physical id	: 0
siblings	: 4
core id		: 0
cpu cores	: 2
apicid		: 0
initial apicid	: 0
fdiv_bug	: no
f00f_bug	: no
coma_bug	: no
fpu		: yes
fpu_exception	: yes
cpuid level	: 13
wp		: yes
flags		: fpu vme de pse tsc msr pae mce cx8 apic sep mtrr pge mca cmov pat pse36 clflush dts acpi mmx fxsr sse sse2 ss ht tm pbe nx rdtscp lm constant_tsc arch_perfmon pebs bts xtopology nonstop_tsc aperfmperf eagerfpu pni pclmulqdq dtes64 monitor ds_cpl vmx est tm2 ssse3 cx16 xtpr pdcm pcid sse4_1 sse4_2 x2apic popcnt tsc_deadline_timer xsave avx lahf_lm arat epb xsaveopt pln pts dtherm tpr_shadow vnmi flexpriority ept vpid
bogomips	: 4390.02
clflush size	: 64
cache_alignment	: 64
address sizes	: 36 bits physical, 48 bits virtual
power management:

processor	: 1
vendor_id	: GenuineIntel
cpu family	: 6
model		: 42
model name	: Intel(R) Core(TM) i3-2330M CPU @ 2.20GHz
stepping	: 7
microcode	: 0x1b
cpu MHz		: 800.000
cache size	: 3072 KB
physical id	: 0
siblings	: 4
core id		: 0
cpu cores	: 2
apicid		: 1
initial apicid	: 1
fdiv_bug	: no
f00f_bug	: no
coma_bug	: no
fpu		: yes
fpu_exception	: yes
cpuid level	: 13
wp		: yes
flags		: fpu vme de pse tsc msr pae mce cx8 apic sep mtrr pge mca cmov pat pse36 clflush dts acpi mmx fxsr sse sse2 ss ht tm pbe nx rdtscp lm constant_tsc arch_perfmon pebs bts xtopology nonstop_tsc aperfmperf eagerfpu pni pclmulqdq dtes64 monitor ds_cpl vmx est tm2 ssse3 cx16 xtpr pdcm pcid sse4_1 sse4_2 x2apic popcnt tsc_deadline_timer xsave avx lahf_lm arat epb xsaveopt pln pts dtherm tpr_shadow vnmi flexpriority ept vpid
bogomips	: 4390.02
clflush size	: 64
cache_alignment	: 64
address sizes	: 36 bits physical, 48 bits virtual
power management:

processor	: 2
vendor_id	: GenuineIntel
cpu family	: 6
model		: 42
model name	: Intel(R) Core(TM) i3-2330M CPU @ 2.20GHz
stepping	: 7
microcode	: 0x1b
cpu MHz		: 1700.000
cache size	: 3072 KB
physical id	: 0
siblings	: 4
core id		: 1
cpu cores	: 2
apicid		: 2
initial apicid	: 2
fdiv_bug	: no
f00f_bug	: no
coma_bug	: no
fpu		: yes
fpu_exception	: yes
cpuid level	: 13
wp		: yes
flags		: fpu vme de pse tsc msr pae mce cx8 apic sep mtrr pge mca cmov pat pse36 clflush dts acpi mmx fxsr sse sse2 ss ht tm pbe nx rdtscp lm constant_tsc arch_perfmon pebs bts xtopology nonstop_tsc aperfmperf eagerfpu pni pclmulqdq dtes64 monitor ds_cpl vmx est tm2 ssse3 cx16 xtpr pdcm pcid sse4_1 sse4_2 x2apic popcnt tsc_deadline_timer xsave avx lahf_lm arat epb xsaveopt pln pts dtherm tpr_shadow vnmi flexpriority ept vpid
bogomips	: 4390.02
clflush size	: 64
cache_alignment	: 64
address sizes	: 36 bits physical, 48 bits virtual
power management:

processor	: 3
vendor_id	: GenuineIntel
cpu family	: 6
model		: 42
model name	: Intel(R) Core(TM) i3-2330M CPU @ 2.20GHz
stepping	: 7
microcode	: 0x1b
cpu MHz		: 800.000
cache size	: 3072 KB
physical id	: 0
siblings	: 4
core id		: 1
cpu cores	: 2
apicid		: 3
initial apicid	: 3
fdiv_bug	: no
f00f_bug	: no
coma_bug	: no
fpu		: yes
fpu_exception	: yes
cpuid level	: 13
wp		: yes
flags		: fpu vme de pse tsc msr pae mce cx8 apic sep mtrr pge mca cmov pat pse36 clflush dts acpi mmx fxsr sse sse2 ss ht tm pbe nx rdtscp lm constant_tsc arch_perfmon pebs bts xtopology nonstop_tsc aperfmperf eagerfpu pni pclmulqdq dtes64 monitor ds_cpl vmx est tm2 ssse3 cx16 xtpr pdcm pcid sse4_1 sse4_2 x2apic popcnt tsc_deadline_timer xsave avx lahf_lm arat epb xsaveopt pln pts dtherm tpr_shadow vnmi flexpriority ept vpid
bogomips	: 4390.02
clflush size	: 64
cache_alignment	: 64
address sizes	: 36 bits physical, 48 bits virtual
power management:



Memory: 4k page, physical 1955640k(123508k free), swap 0k(0k free)

vm_info: OpenJDK Server VM (23.25-b01) for linux-x86 JRE (1.6.0_31-b31), built on Apr 22 2014 19:31:13 by "buildd" with gcc 4.8.1

time: Sun Jun 15 03:09:17 2014
elapsed time: 33 seconds

